<?xml version="1.0" encoding="UTF-8"?>
<!-- Generated by org.testng.reporters.JUnitReportReporter -->
<testsuite hostname="DESKTOP-7RQQFN5" failures="0" tests="1" name="trellotest.sampletestcase" time="1.643" errors="0" timestamp="2023-02-21T11:24:26 CET" skipped="0">
  <testcase classname="trellotest.sampletestcase" name="test1" time="1.643"/>
  <system-out/>
</testsuite> <!-- trellotest.sampletestcase -->
