<?xml version="1.0" encoding="UTF-8"?>
<!-- Generated by org.testng.reporters.JUnitReportReporter -->
<testsuite hostname="DESKTOP-7RQQFN5" failures="0" tests="1" name="trellotest.getBoard" time="1.679" errors="0" timestamp="2023-02-21T13:45:46 CET" skipped="0">
  <testcase classname="trellotest.getBoard" name="test5" time="1.679"/>
  <system-out/>
</testsuite> <!-- trellotest.getBoard -->
